Jun-04 10:48:26.733 [main] DEBUG nextflow.cli.Launcher - $> nextflow main.nf --test test
Jun-04 10:48:26.821 [main] INFO  nextflow.cli.CmdRun - N E X T F L O W  ~  version 19.04.1
Jun-04 10:48:26.831 [main] INFO  nextflow.cli.CmdRun - Launching `main.nf` [jovial_morse] - revision: 4addbf2a25
Jun-04 10:48:26.842 [main] DEBUG nextflow.config.ConfigBuilder - Found config local: /Users/dzhang/Code/nextflow_parse_issue/nextflow.config
Jun-04 10:48:26.843 [main] DEBUG nextflow.config.ConfigBuilder - Parsing config file: /Users/dzhang/Code/nextflow_parse_issue/nextflow.config
Jun-04 10:48:26.864 [main] DEBUG nextflow.config.ConfigBuilder - Applying config profile: `standard`
Jun-04 10:48:27.146 [main] DEBUG nextflow.Session - Session uuid: 56f2d07f-cc73-48a1-bd50-2539fcc147ee
Jun-04 10:48:27.146 [main] DEBUG nextflow.Session - Run name: jovial_morse
Jun-04 10:48:27.147 [main] DEBUG nextflow.Session - Executor pool size: 8
Jun-04 10:48:27.188 [main] DEBUG nextflow.cli.CmdRun - 
  Version: 19.04.1 build 5072
  Modified: 03-05-2019 12:29 UTC (08:29 EDT)
  System: Mac OS X 10.14.5
  Runtime: Groovy 2.5.6 on Java HotSpot(TM) 64-Bit Server VM 10.0.2+13
  Encoding: UTF-8 (UTF-8)
  Process: 73045@nc-mbp-0611.nextcode.local [10.5.1.8]
  CPUs: 8 - Mem: 16 GB (52.6 MB) - Swap: 4 GB (880.8 MB)
Jun-04 10:48:27.202 [main] DEBUG nextflow.Session - Work-dir: /Users/dzhang/Code/nextflow_parse_issue/work [Mac OS X]
Jun-04 10:48:27.203 [main] DEBUG nextflow.Session - Script base path does not exist or is not a directory: /Users/dzhang/Code/nextflow_parse_issue/bin
Jun-04 10:48:27.296 [main] DEBUG nextflow.Session - Session start invoked
Jun-04 10:48:27.300 [main] DEBUG nextflow.processor.TaskDispatcher - Dispatcher > start
Jun-04 10:48:27.303 [main] DEBUG nextflow.script.ScriptRunner - > Script parsing
Jun-04 10:48:27.415 [main] DEBUG nextflow.script.ScriptRunner - > Launching execution
Jun-04 10:48:27.549 [main] DEBUG nextflow.processor.ProcessFactory - << taskConfig executor: null
Jun-04 10:48:27.549 [main] DEBUG nextflow.processor.ProcessFactory - >> processorType: 'local'
Jun-04 10:48:27.555 [main] DEBUG nextflow.executor.Executor - Initializing executor: local
Jun-04 10:48:27.557 [main] INFO  nextflow.executor.Executor - [warm up] executor > local
Jun-04 10:48:27.562 [main] DEBUG n.processor.LocalPollingMonitor - Creating local task monitor for executor 'local' > cpus=8; memory=16 GB; capacity=8; pollInterval=100ms; dumpInterval=5m
Jun-04 10:48:27.566 [main] DEBUG nextflow.processor.TaskDispatcher - Starting monitor: LocalPollingMonitor
Jun-04 10:48:27.567 [main] DEBUG n.processor.TaskPollingMonitor - >>> barrier register (monitor: local)
Jun-04 10:48:27.570 [main] DEBUG nextflow.executor.Executor - Invoke register for executor: local
Jun-04 10:48:27.615 [main] DEBUG nextflow.Session - >>> barrier register (process: sayHello)
Jun-04 10:48:27.621 [main] DEBUG nextflow.processor.TaskProcessor - Creating operator > sayHello -- maxForks: 8
Jun-04 10:48:27.650 [main] DEBUG nextflow.script.ScriptRunner - > Await termination 
Jun-04 10:48:27.650 [main] DEBUG nextflow.Session - Session await
Jun-04 10:48:27.774 [Task submitter] DEBUG nextflow.executor.LocalTaskHandler - Launch cmd line: /bin/bash -ue .command.run
Jun-04 10:48:27.779 [Task submitter] INFO  nextflow.Session - [01/fed858] Submitted process > sayHello (2)
Jun-04 10:48:27.788 [Task submitter] DEBUG nextflow.executor.LocalTaskHandler - Launch cmd line: /bin/bash -ue .command.run
Jun-04 10:48:27.788 [Task submitter] INFO  nextflow.Session - [a2/94d450] Submitted process > sayHello (1)
Jun-04 10:48:27.792 [Task submitter] DEBUG nextflow.executor.LocalTaskHandler - Launch cmd line: /bin/bash -ue .command.run
Jun-04 10:48:27.792 [Task submitter] INFO  nextflow.Session - [27/edfb2a] Submitted process > sayHello (4)
Jun-04 10:48:27.796 [Task submitter] DEBUG nextflow.executor.LocalTaskHandler - Launch cmd line: /bin/bash -ue .command.run
Jun-04 10:48:27.796 [Task submitter] INFO  nextflow.Session - [01/cd08e0] Submitted process > sayHello (3)
Jun-04 10:48:28.752 [Task monitor] DEBUG n.processor.TaskPollingMonitor - Task completed > TaskHandler[id: 4; name: sayHello (2); status: COMPLETED; exit: 0; error: -; workDir: /Users/dzhang/Code/nextflow_parse_issue/work/01/fed8589701977dbbeaca4cf5bea99d]
Jun-04 10:48:28.760 [Task monitor] DEBUG n.processor.TaskPollingMonitor - Task completed > TaskHandler[id: 2; name: sayHello (1); status: COMPLETED; exit: 0; error: -; workDir: /Users/dzhang/Code/nextflow_parse_issue/work/a2/94d450176bea4bfc153342f63d3db8]
Jun-04 10:48:28.771 [Task monitor] DEBUG n.processor.TaskPollingMonitor - Task completed > TaskHandler[id: 1; name: sayHello (4); status: COMPLETED; exit: 0; error: -; workDir: /Users/dzhang/Code/nextflow_parse_issue/work/27/edfb2a116958c5bae7b52771da4bf3]
Jun-04 10:48:28.780 [Task monitor] DEBUG n.processor.TaskPollingMonitor - Task completed > TaskHandler[id: 3; name: sayHello (3); status: COMPLETED; exit: 0; error: -; workDir: /Users/dzhang/Code/nextflow_parse_issue/work/01/cd08e09fd5c1cce3dc283e38184434]
Jun-04 10:48:28.782 [Actor Thread 7] DEBUG nextflow.Session - <<< barrier arrive (process: sayHello)
Jun-04 10:48:28.783 [main] DEBUG nextflow.Session - Session await > all process finished
Jun-04 10:48:28.881 [Task monitor] DEBUG n.processor.TaskPollingMonitor - <<< barrier arrives (monitor: local)
Jun-04 10:48:28.882 [main] DEBUG nextflow.Session - Session await > all barriers passed
Jun-04 10:48:28.891 [main] DEBUG nextflow.trace.StatsObserver - Workflow completed > WorkflowStats[succeedCount=4; failedCount=0; ignoredCount=0; cachedCount=0; succeedDuration=2.3s; failedDuration=0ms; cachedDuration=0ms]
Jun-04 10:48:28.941 [main] DEBUG nextflow.CacheDB - Closing CacheDB done
Jun-04 10:48:28.950 [main] DEBUG nextflow.script.ScriptRunner - > Execution complete -- Goodbye
